10-Mar-2025 15:36:47.004 INFO [main] org.apache.catalina.startup.VersionLoggerListener.log Server version name:   Apache Tomcat/10.1.36
10-Mar-2025 15:36:47.013 INFO [main] org.apache.catalina.startup.VersionLoggerListener.log Server built:          Feb 13 2025 13:13:30 UTC
10-Mar-2025 15:36:47.014 INFO [main] org.apache.catalina.startup.VersionLoggerListener.log Server version number: 10.1.36.0
10-Mar-2025 15:36:47.015 INFO [main] org.apache.catalina.startup.VersionLoggerListener.log OS Name:               Windows 11
10-Mar-2025 15:36:47.015 INFO [main] org.apache.catalina.startup.VersionLoggerListener.log OS Version:            10.0
10-Mar-2025 15:36:47.016 INFO [main] org.apache.catalina.startup.VersionLoggerListener.log Architecture:          amd64
10-Mar-2025 15:36:47.017 INFO [main] org.apache.catalina.startup.VersionLoggerListener.log Java Home:             C:\Program Files\Java\jdk-23
10-Mar-2025 15:36:47.017 INFO [main] org.apache.catalina.startup.VersionLoggerListener.log JVM Version:           23.0.1+11-39
10-Mar-2025 15:36:47.018 INFO [main] org.apache.catalina.startup.VersionLoggerListener.log JVM Vendor:            Oracle Corporation
10-Mar-2025 15:36:47.019 INFO [main] org.apache.catalina.startup.VersionLoggerListener.log CATALINA_BASE:         C:\Users\ENAA\OneDrive\Desktop\ENAA\JAVA EE\SportFlow
10-Mar-2025 15:36:47.019 INFO [main] org.apache.catalina.startup.VersionLoggerListener.log CATALINA_HOME:         C:\Program Files\Apache Software Foundation\Tomcat 10.1
10-Mar-2025 15:36:47.051 INFO [main] org.apache.catalina.startup.VersionLoggerListener.log Command line argument: --add-opens=java.base/java.lang=ALL-UNNAMED
10-Mar-2025 15:36:47.053 INFO [main] org.apache.catalina.startup.VersionLoggerListener.log Command line argument: --add-opens=java.base/java.io=ALL-UNNAMED
10-Mar-2025 15:36:47.054 INFO [main] org.apache.catalina.startup.VersionLoggerListener.log Command line argument: --add-opens=java.base/java.util=ALL-UNNAMED
10-Mar-2025 15:36:47.054 INFO [main] org.apache.catalina.startup.VersionLoggerListener.log Command line argument: --add-opens=java.base/java.util.concurrent=ALL-UNNAMED
10-Mar-2025 15:36:47.055 INFO [main] org.apache.catalina.startup.VersionLoggerListener.log Command line argument: --add-opens=java.rmi/sun.rmi.transport=ALL-UNNAMED
10-Mar-2025 15:36:47.055 INFO [main] org.apache.catalina.startup.VersionLoggerListener.log Command line argument: -Dcatalina.home=C:\Program Files\Apache Software Foundation\Tomcat 10.1
10-Mar-2025 15:36:47.056 INFO [main] org.apache.catalina.startup.VersionLoggerListener.log Command line argument: -Dcatalina.base=C:\Users\ENAA\OneDrive\Desktop\ENAA\JAVA EE\SportFlow
10-Mar-2025 15:36:47.056 INFO [main] org.apache.catalina.startup.VersionLoggerListener.log Command line argument: -Djava.io.tmpdir=C:\Users\ENAA\OneDrive\Desktop\ENAA\JAVA EE\SportFlow\temp
10-Mar-2025 15:36:47.057 INFO [main] org.apache.catalina.startup.VersionLoggerListener.log Command line argument: -Djava.util.logging.config.file=C:\Users\ENAA\OneDrive\Desktop\ENAA\JAVA EE\SportFlow\conf\logging.properties
10-Mar-2025 15:36:47.057 INFO [main] org.apache.catalina.startup.VersionLoggerListener.log Command line argument: -Djava.util.logging.manager=org.apache.juli.ClassLoaderLogManager
10-Mar-2025 15:36:47.058 INFO [main] org.apache.catalina.startup.VersionLoggerListener.log Command line argument: -javaagent:C:\Program Files\JetBrains\IntelliJ IDEA 2024.3\lib\idea_rt.jar=56211:C:\Program Files\JetBrains\IntelliJ IDEA 2024.3\bin
10-Mar-2025 15:36:47.060 INFO [main] org.apache.catalina.startup.VersionLoggerListener.log Command line argument: -Dfile.encoding=UTF-8
10-Mar-2025 15:36:47.061 INFO [main] org.apache.catalina.startup.VersionLoggerListener.log Command line argument: -Dsun.stdout.encoding=UTF-8
10-Mar-2025 15:36:47.062 INFO [main] org.apache.catalina.startup.VersionLoggerListener.log Command line argument: -Dsun.stderr.encoding=UTF-8
10-Mar-2025 15:36:47.079 INFO [main] org.apache.catalina.core.AprLifecycleListener.lifecycleEvent The Apache Tomcat Native library which allows using OpenSSL was not found on the java.library.path: [C:\Program Files\Java\jdk-23\bin;C:\WINDOWS\Sun\Java\bin;C:\WINDOWS\system32;C:\WINDOWS;C:\Program Files\Common Files\Oracle\Java\javapath;C:\WINDOWS\system32;C:\WINDOWS;C:\WINDOWS\System32\Wbem;C:\WINDOWS\System32\WindowsPowerShell\v1.0\;C:\WINDOWS\System32\OpenSSH\;C:\MinGW\bin;C:\Program Files\Git\cmd;C:\Program Files\Java\jdk-23\bin;C:\Program Files\MySQL\MySQL Shell 8.0\bin\;C:\Users\ENAA\AppData\Local\Microsoft\WindowsApps;C:\Users\ENAA\AppData\Local\Programs\Microsoft VS Code\bin;C:\MinGW\bin;;C:\Program Files\JetBrains\IntelliJ IDEA 2024.3\bin;;C:\Program Files\JetBrains\IntelliJ IDEA Community Edition 2024.3.1\bin;;.]
10-Mar-2025 15:36:48.006 INFO [main] org.apache.coyote.AbstractProtocol.init Initializing ProtocolHandler ["http-nio-8088"]
10-Mar-2025 15:36:48.051 INFO [main] org.apache.catalina.startup.Catalina.load Server initialization in [1773] milliseconds
10-Mar-2025 15:36:48.195 INFO [main] org.apache.catalina.core.StandardService.startInternal Starting service [Catalina]
10-Mar-2025 15:36:48.196 INFO [main] org.apache.catalina.core.StandardEngine.startInternal Starting Servlet engine: [Apache Tomcat/10.1.36]
10-Mar-2025 15:36:48.243 INFO [main] org.apache.catalina.startup.HostConfig.deployDescriptor Deploying deployment descriptor [C:\Users\ENAA\OneDrive\Desktop\ENAA\JAVA EE\SportFlow\conf\Catalina\localhost\SportFlow.xml]
10-Mar-2025 15:36:49.408 INFO [main] org.apache.catalina.startup.HostConfig.deployDescriptor Deployment of deployment descriptor [C:\Users\ENAA\OneDrive\Desktop\ENAA\JAVA EE\SportFlow\conf\Catalina\localhost\SportFlow.xml] has finished in [1,162] ms
10-Mar-2025 15:36:49.423 INFO [main] org.apache.coyote.AbstractProtocol.start Starting ProtocolHandler ["http-nio-8088"]
10-Mar-2025 15:36:49.517 INFO [main] org.apache.catalina.startup.Catalina.start Server startup in [1462] milliseconds
10-Mar-2025 15:36:49.542 SEVERE [main] org.apache.catalina.core.StandardServer.await Failed to create server shutdown socket on address [localhost] and port [8007] (base port [8007] and offset [0])
	java.net.BindException: Address already in use: bind
		at java.base/sun.nio.ch.Net.bind0(Native Method)
		at java.base/sun.nio.ch.Net.bind(Net.java:565)
		at java.base/sun.nio.ch.Net.bind(Net.java:554)
		at java.base/sun.nio.ch.NioSocketImpl.bind(NioSocketImpl.java:636)
		at java.base/java.net.ServerSocket.bind(ServerSocket.java:389)
		at java.base/java.net.ServerSocket.<init>(ServerSocket.java:276)
		at org.apache.catalina.core.StandardServer.await(StandardServer.java:533)
		at org.apache.catalina.startup.Catalina.await(Catalina.java:851)
		at org.apache.catalina.startup.Catalina.start(Catalina.java:799)
		at java.base/jdk.internal.reflect.DirectMethodHandleAccessor.invoke(DirectMethodHandleAccessor.java:103)
		at java.base/java.lang.reflect.Method.invoke(Method.java:580)
		at org.apache.catalina.startup.Bootstrap.start(Bootstrap.java:345)
		at org.apache.catalina.startup.Bootstrap.main(Bootstrap.java:473)
10-Mar-2025 15:36:49.545 INFO [main] org.apache.coyote.AbstractProtocol.pause Pausing ProtocolHandler ["http-nio-8088"]
10-Mar-2025 15:36:49.574 INFO [main] org.apache.catalina.core.StandardService.stopInternal Stopping service [Catalina]
10-Mar-2025 15:36:49.620 INFO [main] org.apache.coyote.AbstractProtocol.stop Stopping ProtocolHandler ["http-nio-8088"]
10-Mar-2025 15:36:49.638 INFO [main] org.apache.coyote.AbstractProtocol.destroy Destroying ProtocolHandler ["http-nio-8088"]
10-Mar-2025 15:37:09.246 INFO [main] org.apache.catalina.startup.VersionLoggerListener.log Server version name:   Apache Tomcat/10.1.36
10-Mar-2025 15:37:09.259 INFO [main] org.apache.catalina.startup.VersionLoggerListener.log Server built:          Feb 13 2025 13:13:30 UTC
10-Mar-2025 15:37:09.260 INFO [main] org.apache.catalina.startup.VersionLoggerListener.log Server version number: 10.1.36.0
10-Mar-2025 15:37:09.260 INFO [main] org.apache.catalina.startup.VersionLoggerListener.log OS Name:               Windows 11
10-Mar-2025 15:37:09.261 INFO [main] org.apache.catalina.startup.VersionLoggerListener.log OS Version:            10.0
10-Mar-2025 15:37:09.262 INFO [main] org.apache.catalina.startup.VersionLoggerListener.log Architecture:          amd64
10-Mar-2025 15:37:09.262 INFO [main] org.apache.catalina.startup.VersionLoggerListener.log Java Home:             C:\Program Files\Java\jdk-23
10-Mar-2025 15:37:09.263 INFO [main] org.apache.catalina.startup.VersionLoggerListener.log JVM Version:           23.0.1+11-39
10-Mar-2025 15:37:09.264 INFO [main] org.apache.catalina.startup.VersionLoggerListener.log JVM Vendor:            Oracle Corporation
10-Mar-2025 15:37:09.264 INFO [main] org.apache.catalina.startup.VersionLoggerListener.log CATALINA_BASE:         C:\Users\ENAA\OneDrive\Desktop\ENAA\JAVA EE\SportFlow
10-Mar-2025 15:37:09.265 INFO [main] org.apache.catalina.startup.VersionLoggerListener.log CATALINA_HOME:         C:\Program Files\Apache Software Foundation\Tomcat 10.1
10-Mar-2025 15:37:09.287 INFO [main] org.apache.catalina.startup.VersionLoggerListener.log Command line argument: --add-opens=java.base/java.lang=ALL-UNNAMED
10-Mar-2025 15:37:09.287 INFO [main] org.apache.catalina.startup.VersionLoggerListener.log Command line argument: --add-opens=java.base/java.io=ALL-UNNAMED
10-Mar-2025 15:37:09.288 INFO [main] org.apache.catalina.startup.VersionLoggerListener.log Command line argument: --add-opens=java.base/java.util=ALL-UNNAMED
10-Mar-2025 15:37:09.288 INFO [main] org.apache.catalina.startup.VersionLoggerListener.log Command line argument: --add-opens=java.base/java.util.concurrent=ALL-UNNAMED
10-Mar-2025 15:37:09.288 INFO [main] org.apache.catalina.startup.VersionLoggerListener.log Command line argument: --add-opens=java.rmi/sun.rmi.transport=ALL-UNNAMED
10-Mar-2025 15:37:09.288 INFO [main] org.apache.catalina.startup.VersionLoggerListener.log Command line argument: -Dcatalina.home=C:\Program Files\Apache Software Foundation\Tomcat 10.1
10-Mar-2025 15:37:09.289 INFO [main] org.apache.catalina.startup.VersionLoggerListener.log Command line argument: -Dcatalina.base=C:\Users\ENAA\OneDrive\Desktop\ENAA\JAVA EE\SportFlow
10-Mar-2025 15:37:09.289 INFO [main] org.apache.catalina.startup.VersionLoggerListener.log Command line argument: -Djava.io.tmpdir=C:\Users\ENAA\OneDrive\Desktop\ENAA\JAVA EE\SportFlow\temp
10-Mar-2025 15:37:09.290 INFO [main] org.apache.catalina.startup.VersionLoggerListener.log Command line argument: -Djava.util.logging.config.file=C:\Users\ENAA\OneDrive\Desktop\ENAA\JAVA EE\SportFlow\conf\logging.properties
10-Mar-2025 15:37:09.290 INFO [main] org.apache.catalina.startup.VersionLoggerListener.log Command line argument: -Djava.util.logging.manager=org.apache.juli.ClassLoaderLogManager
10-Mar-2025 15:37:09.290 INFO [main] org.apache.catalina.startup.VersionLoggerListener.log Command line argument: -javaagent:C:\Program Files\JetBrains\IntelliJ IDEA 2024.3\lib\idea_rt.jar=56233:C:\Program Files\JetBrains\IntelliJ IDEA 2024.3\bin
10-Mar-2025 15:37:09.291 INFO [main] org.apache.catalina.startup.VersionLoggerListener.log Command line argument: -Dfile.encoding=UTF-8
10-Mar-2025 15:37:09.291 INFO [main] org.apache.catalina.startup.VersionLoggerListener.log Command line argument: -Dsun.stdout.encoding=UTF-8
10-Mar-2025 15:37:09.291 INFO [main] org.apache.catalina.startup.VersionLoggerListener.log Command line argument: -Dsun.stderr.encoding=UTF-8
10-Mar-2025 15:37:09.303 INFO [main] org.apache.catalina.core.AprLifecycleListener.lifecycleEvent The Apache Tomcat Native library which allows using OpenSSL was not found on the java.library.path: [C:\Program Files\Java\jdk-23\bin;C:\WINDOWS\Sun\Java\bin;C:\WINDOWS\system32;C:\WINDOWS;C:\Program Files\Common Files\Oracle\Java\javapath;C:\WINDOWS\system32;C:\WINDOWS;C:\WINDOWS\System32\Wbem;C:\WINDOWS\System32\WindowsPowerShell\v1.0\;C:\WINDOWS\System32\OpenSSH\;C:\MinGW\bin;C:\Program Files\Git\cmd;C:\Program Files\Java\jdk-23\bin;C:\Program Files\MySQL\MySQL Shell 8.0\bin\;C:\Users\ENAA\AppData\Local\Microsoft\WindowsApps;C:\Users\ENAA\AppData\Local\Programs\Microsoft VS Code\bin;C:\MinGW\bin;;C:\Program Files\JetBrains\IntelliJ IDEA 2024.3\bin;;C:\Program Files\JetBrains\IntelliJ IDEA Community Edition 2024.3.1\bin;;.]
10-Mar-2025 15:37:10.103 INFO [main] org.apache.coyote.AbstractProtocol.init Initializing ProtocolHandler ["http-nio-8088"]
10-Mar-2025 15:37:10.139 INFO [main] org.apache.catalina.startup.Catalina.load Server initialization in [1482] milliseconds
10-Mar-2025 15:37:10.340 INFO [main] org.apache.catalina.core.StandardService.startInternal Starting service [Catalina]
10-Mar-2025 15:37:10.341 INFO [main] org.apache.catalina.core.StandardEngine.startInternal Starting Servlet engine: [Apache Tomcat/10.1.36]
10-Mar-2025 15:37:10.378 INFO [main] org.apache.catalina.startup.HostConfig.deployDescriptor Deploying deployment descriptor [C:\Users\ENAA\OneDrive\Desktop\ENAA\JAVA EE\SportFlow\conf\Catalina\localhost\SportFlow.xml]
10-Mar-2025 15:37:11.352 INFO [main] org.apache.catalina.startup.HostConfig.deployDescriptor Deployment of deployment descriptor [C:\Users\ENAA\OneDrive\Desktop\ENAA\JAVA EE\SportFlow\conf\Catalina\localhost\SportFlow.xml] has finished in [974] ms
10-Mar-2025 15:37:11.376 INFO [main] org.apache.coyote.AbstractProtocol.start Starting ProtocolHandler ["http-nio-8088"]
10-Mar-2025 15:37:11.422 INFO [main] org.apache.catalina.startup.Catalina.start Server startup in [1279] milliseconds
10-Mar-2025 15:37:11.436 SEVERE [main] org.apache.catalina.core.StandardServer.await Failed to create server shutdown socket on address [localhost] and port [8006] (base port [8006] and offset [0])
	java.net.BindException: Address already in use: bind
		at java.base/sun.nio.ch.Net.bind0(Native Method)
		at java.base/sun.nio.ch.Net.bind(Net.java:565)
		at java.base/sun.nio.ch.Net.bind(Net.java:554)
		at java.base/sun.nio.ch.NioSocketImpl.bind(NioSocketImpl.java:636)
		at java.base/java.net.ServerSocket.bind(ServerSocket.java:389)
		at java.base/java.net.ServerSocket.<init>(ServerSocket.java:276)
		at org.apache.catalina.core.StandardServer.await(StandardServer.java:533)
		at org.apache.catalina.startup.Catalina.await(Catalina.java:851)
		at org.apache.catalina.startup.Catalina.start(Catalina.java:799)
		at java.base/jdk.internal.reflect.DirectMethodHandleAccessor.invoke(DirectMethodHandleAccessor.java:103)
		at java.base/java.lang.reflect.Method.invoke(Method.java:580)
		at org.apache.catalina.startup.Bootstrap.start(Bootstrap.java:345)
		at org.apache.catalina.startup.Bootstrap.main(Bootstrap.java:473)
10-Mar-2025 15:37:11.437 INFO [main] org.apache.coyote.AbstractProtocol.pause Pausing ProtocolHandler ["http-nio-8088"]
10-Mar-2025 15:37:11.461 INFO [main] org.apache.catalina.core.StandardService.stopInternal Stopping service [Catalina]
10-Mar-2025 15:37:11.479 INFO [main] org.apache.coyote.AbstractProtocol.stop Stopping ProtocolHandler ["http-nio-8088"]
10-Mar-2025 15:37:11.503 INFO [main] org.apache.coyote.AbstractProtocol.destroy Destroying ProtocolHandler ["http-nio-8088"]
10-Mar-2025 15:37:26.743 INFO [main] org.apache.catalina.startup.VersionLoggerListener.log Server version name:   Apache Tomcat/10.1.36
10-Mar-2025 15:37:26.756 INFO [main] org.apache.catalina.startup.VersionLoggerListener.log Server built:          Feb 13 2025 13:13:30 UTC
10-Mar-2025 15:37:26.757 INFO [main] org.apache.catalina.startup.VersionLoggerListener.log Server version number: 10.1.36.0
10-Mar-2025 15:37:26.757 INFO [main] org.apache.catalina.startup.VersionLoggerListener.log OS Name:               Windows 11
10-Mar-2025 15:37:26.758 INFO [main] org.apache.catalina.startup.VersionLoggerListener.log OS Version:            10.0
10-Mar-2025 15:37:26.758 INFO [main] org.apache.catalina.startup.VersionLoggerListener.log Architecture:          amd64
10-Mar-2025 15:37:26.758 INFO [main] org.apache.catalina.startup.VersionLoggerListener.log Java Home:             C:\Program Files\Java\jdk-23
10-Mar-2025 15:37:26.758 INFO [main] org.apache.catalina.startup.VersionLoggerListener.log JVM Version:           23.0.1+11-39
10-Mar-2025 15:37:26.759 INFO [main] org.apache.catalina.startup.VersionLoggerListener.log JVM Vendor:            Oracle Corporation
10-Mar-2025 15:37:26.760 INFO [main] org.apache.catalina.startup.VersionLoggerListener.log CATALINA_BASE:         C:\Users\ENAA\OneDrive\Desktop\ENAA\JAVA EE\SportFlow
10-Mar-2025 15:37:26.760 INFO [main] org.apache.catalina.startup.VersionLoggerListener.log CATALINA_HOME:         C:\Program Files\Apache Software Foundation\Tomcat 10.1
10-Mar-2025 15:37:26.783 INFO [main] org.apache.catalina.startup.VersionLoggerListener.log Command line argument: --add-opens=java.base/java.lang=ALL-UNNAMED
10-Mar-2025 15:37:26.784 INFO [main] org.apache.catalina.startup.VersionLoggerListener.log Command line argument: --add-opens=java.base/java.io=ALL-UNNAMED
10-Mar-2025 15:37:26.784 INFO [main] org.apache.catalina.startup.VersionLoggerListener.log Command line argument: --add-opens=java.base/java.util=ALL-UNNAMED
10-Mar-2025 15:37:26.784 INFO [main] org.apache.catalina.startup.VersionLoggerListener.log Command line argument: --add-opens=java.base/java.util.concurrent=ALL-UNNAMED
10-Mar-2025 15:37:26.784 INFO [main] org.apache.catalina.startup.VersionLoggerListener.log Command line argument: --add-opens=java.rmi/sun.rmi.transport=ALL-UNNAMED
10-Mar-2025 15:37:26.784 INFO [main] org.apache.catalina.startup.VersionLoggerListener.log Command line argument: -Dcatalina.home=C:\Program Files\Apache Software Foundation\Tomcat 10.1
10-Mar-2025 15:37:26.784 INFO [main] org.apache.catalina.startup.VersionLoggerListener.log Command line argument: -Dcatalina.base=C:\Users\ENAA\OneDrive\Desktop\ENAA\JAVA EE\SportFlow
10-Mar-2025 15:37:26.785 INFO [main] org.apache.catalina.startup.VersionLoggerListener.log Command line argument: -Djava.io.tmpdir=C:\Users\ENAA\OneDrive\Desktop\ENAA\JAVA EE\SportFlow\temp
10-Mar-2025 15:37:26.785 INFO [main] org.apache.catalina.startup.VersionLoggerListener.log Command line argument: -Djava.util.logging.config.file=C:\Users\ENAA\OneDrive\Desktop\ENAA\JAVA EE\SportFlow\conf\logging.properties
10-Mar-2025 15:37:26.785 INFO [main] org.apache.catalina.startup.VersionLoggerListener.log Command line argument: -Djava.util.logging.manager=org.apache.juli.ClassLoaderLogManager
10-Mar-2025 15:37:26.785 INFO [main] org.apache.catalina.startup.VersionLoggerListener.log Command line argument: -javaagent:C:\Program Files\JetBrains\IntelliJ IDEA 2024.3\lib\idea_rt.jar=56240:C:\Program Files\JetBrains\IntelliJ IDEA 2024.3\bin
10-Mar-2025 15:37:26.785 INFO [main] org.apache.catalina.startup.VersionLoggerListener.log Command line argument: -Dfile.encoding=UTF-8
10-Mar-2025 15:37:26.786 INFO [main] org.apache.catalina.startup.VersionLoggerListener.log Command line argument: -Dsun.stdout.encoding=UTF-8
10-Mar-2025 15:37:26.786 INFO [main] org.apache.catalina.startup.VersionLoggerListener.log Command line argument: -Dsun.stderr.encoding=UTF-8
10-Mar-2025 15:37:26.803 INFO [main] org.apache.catalina.core.AprLifecycleListener.lifecycleEvent The Apache Tomcat Native library which allows using OpenSSL was not found on the java.library.path: [C:\Program Files\Java\jdk-23\bin;C:\WINDOWS\Sun\Java\bin;C:\WINDOWS\system32;C:\WINDOWS;C:\Program Files\Common Files\Oracle\Java\javapath;C:\WINDOWS\system32;C:\WINDOWS;C:\WINDOWS\System32\Wbem;C:\WINDOWS\System32\WindowsPowerShell\v1.0\;C:\WINDOWS\System32\OpenSSH\;C:\MinGW\bin;C:\Program Files\Git\cmd;C:\Program Files\Java\jdk-23\bin;C:\Program Files\MySQL\MySQL Shell 8.0\bin\;C:\Users\ENAA\AppData\Local\Microsoft\WindowsApps;C:\Users\ENAA\AppData\Local\Programs\Microsoft VS Code\bin;C:\MinGW\bin;;C:\Program Files\JetBrains\IntelliJ IDEA 2024.3\bin;;C:\Program Files\JetBrains\IntelliJ IDEA Community Edition 2024.3.1\bin;;.]
10-Mar-2025 15:37:27.632 INFO [main] org.apache.coyote.AbstractProtocol.init Initializing ProtocolHandler ["http-nio-8088"]
10-Mar-2025 15:37:27.666 INFO [main] org.apache.catalina.startup.Catalina.load Server initialization in [1472] milliseconds
10-Mar-2025 15:37:27.859 INFO [main] org.apache.catalina.core.StandardService.startInternal Starting service [Catalina]
10-Mar-2025 15:37:27.859 INFO [main] org.apache.catalina.core.StandardEngine.startInternal Starting Servlet engine: [Apache Tomcat/10.1.36]
10-Mar-2025 15:37:27.893 INFO [main] org.apache.catalina.startup.HostConfig.deployDescriptor Deploying deployment descriptor [C:\Users\ENAA\OneDrive\Desktop\ENAA\JAVA EE\SportFlow\conf\Catalina\localhost\SportFlow.xml]
10-Mar-2025 15:37:28.896 INFO [main] org.apache.catalina.startup.HostConfig.deployDescriptor Deployment of deployment descriptor [C:\Users\ENAA\OneDrive\Desktop\ENAA\JAVA EE\SportFlow\conf\Catalina\localhost\SportFlow.xml] has finished in [1,003] ms
10-Mar-2025 15:37:28.915 INFO [main] org.apache.coyote.AbstractProtocol.start Starting ProtocolHandler ["http-nio-8088"]
10-Mar-2025 15:37:28.968 INFO [main] org.apache.catalina.startup.Catalina.start Server startup in [1299] milliseconds
10-Mar-2025 15:37:40.549 INFO [Thread-1] org.apache.coyote.AbstractProtocol.pause Pausing ProtocolHandler ["http-nio-8088"]
10-Mar-2025 15:37:40.571 INFO [Thread-1] org.apache.catalina.core.StandardService.stopInternal Stopping service [Catalina]
10-Mar-2025 15:37:40.600 INFO [Thread-1] org.apache.coyote.AbstractProtocol.stop Stopping ProtocolHandler ["http-nio-8088"]
10-Mar-2025 15:37:40.621 INFO [Thread-1] org.apache.coyote.AbstractProtocol.destroy Destroying ProtocolHandler ["http-nio-8088"]
